SpeechBrain system description
==============================
Python version:
3.11.4 (main, Jul  5 2023, 13:45:01) [GCC 11.2.0]
==============================
Installed Python packages:
attrs==23.1.0
certifi==2023.7.22
charset-normalizer==3.2.0
cmake==3.27.4.1
contourpy==1.1.1
cycler==0.11.0
filelock==3.12.4
fonttools==4.42.1
fsspec==2023.9.1
huggingface-hub==0.17.1
HyperPyYAML==1.2.1
hypothesis==6.86.1
idna==3.4
Jinja2==3.1.2
joblib==1.3.2
kenlm==0.2.0
kiwisolver==1.4.5
lit==16.0.6
MarkupSafe==2.1.3
matplotlib==3.8.0
mpmath==1.3.0
networkx==3.1
numpy==1.26.0
nvidia-cublas-cu11==11.10.3.66
nvidia-cuda-cupti-cu11==11.7.101
nvidia-cuda-nvrtc-cu11==11.7.99
nvidia-cuda-runtime-cu11==11.7.99
nvidia-cudnn-cu11==8.5.0.96
nvidia-cufft-cu11==10.9.0.58
nvidia-curand-cu11==10.2.10.91
nvidia-cusolver-cu11==11.4.0.1
nvidia-cusparse-cu11==11.7.4.91
nvidia-nccl-cu11==2.14.3
nvidia-nvtx-cu11==11.7.91
packaging==23.1
pandas==2.1.0
Pillow==10.0.1
pyctcdecode==0.5.0
pygtrie==2.5.0
pyparsing==3.1.1
python-dateutil==2.8.2
pytz==2023.3.post1
PyYAML==6.0.1
regex==2023.8.8
requests==2.31.0
ruamel.yaml==0.17.28
ruamel.yaml.clib==0.2.7
safetensors==0.3.3
scipy==1.11.2
sentencepiece==0.1.99
six==1.16.0
sortedcontainers==2.4.0
speechbrain==0.5.15
sympy==1.12
tokenizers==0.13.3
torch==2.0.1
torchaudio==2.0.2
tqdm==4.66.1
transformers==4.33.1
triton==2.0.0
typing_extensions==4.7.1
tzdata==2023.3
urllib3==2.0.4
==============================
Git revision:
6c7e9b6
==============================
CUDA version:
11.7